  main.cpp
D:\grafica\CG1\CG1\main.cpp(65,50): warning C4305: 'argument': truncation from 'double' to 'float'
D:\grafica\CG1\CG1\main.cpp(65,43): warning C4305: 'argument': truncation from 'double' to 'float'
D:\grafica\CG1\CG1\main.cpp(73,60): warning C4305: 'argument': truncation from 'double' to 'float'
D:\grafica\CG1\CG1\main.cpp(73,53): warning C4305: 'argument': truncation from 'double' to 'float'
D:\grafica\CG1\CG1\main.cpp(254,34): warning C4244: 'argument': conversion from 'double' to 'float', possible loss of data
D:\grafica\CG1\CG1\main.cpp(255,34): warning C4244: 'argument': conversion from 'double' to 'float', possible loss of data
D:\grafica\CG1\CG1\main.cpp(256,34): warning C4244: 'argument': conversion from 'double' to 'float', possible loss of data
D:\grafica\CG1\CG1\main.cpp(279,26): warning C4305: 'argument': truncation from 'double' to 'float'
D:\grafica\CG1\CG1\main.cpp(302,33): warning C4244: 'argument': conversion from 'double' to 'float', possible loss of data
D:\grafica\CG1\CG1\main.cpp(307,33): warning C4244: 'argument': conversion from 'double' to 'float', possible loss of data
D:\grafica\CG1\CG1\main.cpp(311,33): warning C4244: 'argument': conversion from 'double' to 'float', possible loss of data
D:\grafica\CG1\CG1\main.cpp(315,33): warning C4244: 'argument': conversion from 'double' to 'float', possible loss of data
D:\grafica\CG1\CG1\main.cpp(319,33): warning C4244: 'argument': conversion from 'double' to 'float', possible loss of data
D:\grafica\CG1\CG1\main.cpp(323,33): warning C4244: 'argument': conversion from 'double' to 'float', possible loss of data
D:\grafica\CG1\CG1\main.cpp(327,33): warning C4244: 'argument': conversion from 'double' to 'float', possible loss of data
D:\grafica\CG1\CG1\main.cpp(331,33): warning C4244: 'argument': conversion from 'double' to 'float', possible loss of data
D:\grafica\CG1\CG1\main.cpp(335,40): warning C4244: 'argument': conversion from 'double' to 'float', possible loss of data
D:\grafica\CG1\CG1\main.cpp(350,18): warning C4305: 'argument': truncation from 'double' to 'float'
D:\grafica\CG1\CG1\main.cpp(355,26): warning C4244: 'argument': conversion from 'double' to 'float', possible loss of data
D:\grafica\CG1\CG1\main.cpp(357,30): warning C4244: 'argument': conversion from 'double' to 'float', possible loss of data
D:\grafica\CG1\CG1\main.cpp(444,20): warning C4305: 'initializing': truncation from 'double' to 'float'
  CG1.vcxproj -> D:\grafica\CG1\x64\Debug\CG1.exe
